app/build/intermediates/manifest_merge_blame_file/debug/processDebugMainManifest/manifest-merger-blame-debug-report.txt
1<?xml version="1.0" encoding="utf-8"?>
2<manifest xmlns:android="http://schemas.android.com/apk/res/android"
3    xmlns:dist="http://schemas.android.com/apk/distribution"
4    package="org.tensorflow.lite.examples.objectdetection"
5    android:versionCode="1"
6    android:versionName="1.0.0" >
7
8    <uses-sdk
9        android:minSdkVersion="26"
10        android:targetSdkVersion="34" />
11
12    <dist:module dist:instant="true" />
12-->src\main\AndroidManifest.xml:7:5-40
12-->src\main\AndroidManifest.xml:7:18-37
13
14    <uses-feature android:name="android.hardware.camera" />
14-->src\main\AndroidManifest.xml:9:5-60
14-->src\main\AndroidManifest.xml:9:19-57
15    <uses-feature android:name="android.hardware.sensor.accelerometer" />
15-->src\main\AndroidManifest.xml:10:5-74
15-->src\main\AndroidManifest.xml:10:19-71
16    <uses-feature android:name="android.hardware.sensor.compass" />
16-->src\main\AndroidManifest.xml:11:5-68
16-->src\main\AndroidManifest.xml:11:19-65
17
18    <uses-permission android:name="android.permission.CAMERA" />
18-->src\main\AndroidManifest.xml:13:5-65
18-->src\main\AndroidManifest.xml:13:22-62
19    <uses-permission android:name="android.permission.VIBRATE" />
19-->src\main\AndroidManifest.xml:14:5-66
19-->src\main\AndroidManifest.xml:14:22-63
20    <uses-permission android:name="android.permission.ACTIVITY_RECOGNITION" />
20-->src\main\AndroidManifest.xml:15:5-79
20-->src\main\AndroidManifest.xml:15:22-76
21    <uses-permission android:name="android.permission.VIBRATE" />
21-->src\main\AndroidManifest.xml:14:5-66
21-->src\main\AndroidManifest.xml:14:22-63
22    <uses-permission android:name="android.permission.BLUETOOTH" />
22-->src\main\AndroidManifest.xml:17:5-67
22-->src\main\AndroidManifest.xml:17:22-65
23    <uses-permission android:name="android.permission.BLUETOOTH_ADMIN" />
23-->src\main\AndroidManifest.xml:18:5-73
23-->src\main\AndroidManifest.xml:18:22-71
24
25    <!-- For Android 12+ -->
26    <uses-permission android:name="android.permission.BLUETOOTH_CONNECT" />
26-->src\main\AndroidManifest.xml:21:5-75
26-->src\main\AndroidManifest.xml:21:22-73
27    <uses-permission android:name="android.permission.BLUETOOTH_SCAN" />
27-->src\main\AndroidManifest.xml:22:5-72
27-->src\main\AndroidManifest.xml:22:22-70
28
29    <permission
29-->[androidx.core:core:1.13.1] AndroidManifest.xml:22:5-24:47
30        android:name="org.tensorflow.lite.examples.objectdetection.DYNAMIC_RECEIVER_NOT_EXPORTED_PERMISSION"
30-->[androidx.core:core:1.13.1] AndroidManifest.xml:23:9-81
31        android:protectionLevel="signature" />
31-->[androidx.core:core:1.13.1] AndroidManifest.xml:24:9-44
32
33    <uses-permission android:name="org.tensorflow.lite.examples.objectdetection.DYNAMIC_RECEIVER_NOT_EXPORTED_PERMISSION" />
33-->[androidx.core:core:1.13.1] AndroidManifest.xml:26:5-97
33-->[androidx.core:core:1.13.1] AndroidManifest.xml:26:22-94
34
35    <queries>
35-->[com.google.ar:core:1.41.0] AndroidManifest.xml:20:5-27:15
36        <package android:name="com.google.ar.core" />
36-->[com.google.ar:core:1.41.0] AndroidManifest.xml:21:9-54
36-->[com.google.ar:core:1.41.0] AndroidManifest.xml:21:18-51
37        <package android:name="com.android.vending" />
37-->[com.google.ar:core:1.41.0] AndroidManifest.xml:22:9-55
37-->[com.google.ar:core:1.41.0] AndroidManifest.xml:22:18-52
38
39        <intent>
39-->[com.google.ar:core:1.41.0] AndroidManifest.xml:24:9-26:18
40            <action android:name="com.google.android.play.core.install.BIND_INSTALL_SERVICE" />
40-->[com.google.ar:core:1.41.0] AndroidManifest.xml:25:13-96
40-->[com.google.ar:core:1.41.0] AndroidManifest.xml:25:21-93
41        </intent>
42    </queries>
43
44    <uses-permission android:name="android.permission.WRITE_EXTERNAL_STORAGE" />
45    <uses-permission android:name="android.permission.READ_PHONE_STATE" />
46    <uses-permission android:name="android.permission.READ_EXTERNAL_STORAGE" />
47
48    <application
48-->src\main\AndroidManifest.xml:24:5-53:19
49        android:allowBackup="true"
49-->src\main\AndroidManifest.xml:28:9-35
50        android:appComponentFactory="androidx.core.app.CoreComponentFactory"
50-->[androidx.core:core:1.13.1] AndroidManifest.xml:28:18-86
51        android:debuggable="true"
52        android:extractNativeLibs="false"
53        android:icon="@mipmap/ic_launcher"
53-->src\main\AndroidManifest.xml:25:9-43
54        android:label="@string/app_name"
54-->src\main\AndroidManifest.xml:27:9-41
55        android:roundIcon="@mipmap/ic_launcher_round"
55-->src\main\AndroidManifest.xml:26:9-54
56        android:taskAffinity=""
56-->src\main\AndroidManifest.xml:29:9-32
57        android:testOnly="true" >
58        <activity
58-->src\main\AndroidManifest.xml:32:9-51:20
59            android:name="org.tensorflow.lite.examples.objectdetection.MainActivity"
59-->src\main\AndroidManifest.xml:33:13-41
60            android:clearTaskOnLaunch="true"
60-->src\main\AndroidManifest.xml:34:13-45
61            android:configChanges="orientation|screenLayout|screenSize|smallestScreenSize"
61-->src\main\AndroidManifest.xml:40:13-91
62            android:exported="true"
62-->src\main\AndroidManifest.xml:36:13-36
63            android:icon="@mipmap/ic_launcher"
63-->src\main\AndroidManifest.xml:37:13-47
64            android:resizeableActivity="true"
64-->src\main\AndroidManifest.xml:39:13-46
65            android:rotationAnimation="seamless"
65-->src\main\AndroidManifest.xml:38:13-49
66            android:theme="@style/AppTheme" >
66-->src\main\AndroidManifest.xml:35:13-44
67            <intent-filter>
67-->src\main\AndroidManifest.xml:43:13-46:29
68                <action android:name="android.intent.action.MAIN" />
68-->src\main\AndroidManifest.xml:44:17-69
68-->src\main\AndroidManifest.xml:44:25-66
69
70                <category android:name="android.intent.category.LAUNCHER" />
70-->src\main\AndroidManifest.xml:45:17-77
70-->src\main\AndroidManifest.xml:45:27-74
71            </intent-filter>
72
73            <meta-data
73-->src\main\AndroidManifest.xml:48:13-83
74                android:name="android.notch_support"
74-->src\main\AndroidManifest.xml:48:24-60
75                android:value="true" />
75-->src\main\AndroidManifest.xml:48:61-81
76            <meta-data
76-->src\main\AndroidManifest.xml:50:13-85
77                android:name="com.google.ar.core"
77-->src\main\AndroidManifest.xml:50:24-57
78                android:value="optional" />
78-->src\main\AndroidManifest.xml:50:58-82
79        </activity>
80
81        <service
81-->[androidx.camera:camera-camera2:1.3.4] AndroidManifest.xml:24:9-33:19
82            android:name="androidx.camera.core.impl.MetadataHolderService"
82-->[androidx.camera:camera-camera2:1.3.4] AndroidManifest.xml:25:13-75
83            android:enabled="false"
83-->[androidx.camera:camera-camera2:1.3.4] AndroidManifest.xml:26:13-36
84            android:exported="false" >
84-->[androidx.camera:camera-camera2:1.3.4] AndroidManifest.xml:27:13-37
85            <meta-data
85-->[androidx.camera:camera-camera2:1.3.4] AndroidManifest.xml:30:13-32:89
86                android:name="androidx.camera.core.impl.MetadataHolderService.DEFAULT_CONFIG_PROVIDER"
86-->[androidx.camera:camera-camera2:1.3.4] AndroidManifest.xml:31:17-103
87                android:value="androidx.camera.camera2.Camera2Config$DefaultProvider" />
87-->[androidx.camera:camera-camera2:1.3.4] AndroidManifest.xml:32:17-86
88        </service>
89
90        <uses-library
90-->[androidx.window:window:1.3.0] AndroidManifest.xml:23:9-25:40
91            android:name="androidx.window.extensions"
91-->[androidx.window:window:1.3.0] AndroidManifest.xml:24:13-54
92            android:required="false" />
92-->[androidx.window:window:1.3.0] AndroidManifest.xml:25:13-37
93        <uses-library
93-->[androidx.window:window:1.3.0] AndroidManifest.xml:26:9-28:40
94            android:name="androidx.window.sidecar"
94-->[androidx.window:window:1.3.0] AndroidManifest.xml:27:13-51
95            android:required="false" />
95-->[androidx.window:window:1.3.0] AndroidManifest.xml:28:13-37
96
97        <provider
97-->[androidx.emoji2:emoji2:1.3.0] AndroidManifest.xml:24:9-32:20
98            android:name="androidx.startup.InitializationProvider"
98-->[androidx.emoji2:emoji2:1.3.0] AndroidManifest.xml:25:13-67
99            android:authorities="org.tensorflow.lite.examples.objectdetection.androidx-startup"
99-->[androidx.emoji2:emoji2:1.3.0] AndroidManifest.xml:26:13-68
100            android:exported="false" >
100-->[androidx.emoji2:emoji2:1.3.0] AndroidManifest.xml:27:13-37
101            <meta-data
101-->[androidx.emoji2:emoji2:1.3.0] AndroidManifest.xml:29:13-31:52
102                android:name="androidx.emoji2.text.EmojiCompatInitializer"
102-->[androidx.emoji2:emoji2:1.3.0] AndroidManifest.xml:30:17-75
103                android:value="androidx.startup" />
103-->[androidx.emoji2:emoji2:1.3.0] AndroidManifest.xml:31:17-49
104            <meta-data
104-->[androidx.lifecycle:lifecycle-process:2.8.2] AndroidManifest.xml:29:13-31:52
105                android:name="androidx.lifecycle.ProcessLifecycleInitializer"
105-->[androidx.lifecycle:lifecycle-process:2.8.2] AndroidManifest.xml:30:17-78
106                android:value="androidx.startup" />
106-->[androidx.lifecycle:lifecycle-process:2.8.2] AndroidManifest.xml:31:17-49
107            <meta-data
107-->[androidx.profileinstaller:profileinstaller:1.3.1] AndroidManifest.xml:29:13-31:52
108                android:name="androidx.profileinstaller.ProfileInstallerInitializer"
108-->[androidx.profileinstaller:profileinstaller:1.3.1] AndroidManifest.xml:30:17-85
109                android:value="androidx.startup" />
109-->[androidx.profileinstaller:profileinstaller:1.3.1] AndroidManifest.xml:31:17-49
110        </provider> <!-- The minimal version code of ARCore APK required for an app using this SDK. -->
111        <meta-data
111-->[com.google.ar:core:1.41.0] AndroidManifest.xml:32:9-34:41
112            android:name="com.google.ar.core.min_apk_version"
112-->[com.google.ar:core:1.41.0] AndroidManifest.xml:33:13-62
113            android:value="232620000" /> <!-- This activity is critical for installing ARCore when it is not already present. -->
113-->[com.google.ar:core:1.41.0] AndroidManifest.xml:34:13-38
114        <activity
114-->[com.google.ar:core:1.41.0] AndroidManifest.xml:36:9-42:80
115            android:name="com.google.ar.core.InstallActivity"
115-->[com.google.ar:core:1.41.0] AndroidManifest.xml:37:13-62
116            android:configChanges="keyboardHidden|orientation|screenSize"
116-->[com.google.ar:core:1.41.0] AndroidManifest.xml:38:13-74
117            android:excludeFromRecents="true"
117-->[com.google.ar:core:1.41.0] AndroidManifest.xml:39:13-46
118            android:exported="false"
118-->[com.google.ar:core:1.41.0] AndroidManifest.xml:40:13-37
119            android:launchMode="singleTop"
119-->[com.google.ar:core:1.41.0] AndroidManifest.xml:41:13-43
120            android:theme="@android:style/Theme.Material.Light.Dialog.Alert" />
120-->[com.google.ar:core:1.41.0] AndroidManifest.xml:42:13-77
121
122        <receiver
122-->[androidx.profileinstaller:profileinstaller:1.3.1] AndroidManifest.xml:34:9-52:20
123            android:name="androidx.profileinstaller.ProfileInstallReceiver"
123-->[androidx.profileinstaller:profileinstaller:1.3.1] AndroidManifest.xml:35:13-76
124            android:directBootAware="false"
124-->[androidx.profileinstaller:profileinstaller:1.3.1] AndroidManifest.xml:36:13-44
125            android:enabled="true"
125-->[androidx.profileinstaller:profileinstaller:1.3.1] AndroidManifest.xml:37:13-35
126            android:exported="true"
126-->[androidx.profileinstaller:profileinstaller:1.3.1] AndroidManifest.xml:38:13-36
127            android:permission="android.permission.DUMP" >
127-->[androidx.profileinstaller:profileinstaller:1.3.1] AndroidManifest.xml:39:13-57
128            <intent-filter>
128-->[androidx.profileinstaller:profileinstaller:1.3.1] AndroidManifest.xml:40:13-42:29
129                <action android:name="androidx.profileinstaller.action.INSTALL_PROFILE" />
129-->[androidx.profileinstaller:profileinstaller:1.3.1] AndroidManifest.xml:41:17-91
129-->[androidx.profileinstaller:profileinstaller:1.3.1] AndroidManifest.xml:41:25-88
130            </intent-filter>
131            <intent-filter>
131-->[androidx.profileinstaller:profileinstaller:1.3.1] AndroidManifest.xml:43:13-45:29
132                <action android:name="androidx.profileinstaller.action.SKIP_FILE" />
132-->[androidx.profileinstaller:profileinstaller:1.3.1] AndroidManifest.xml:44:17-85
132-->[androidx.profileinstaller:profileinstaller:1.3.1] AndroidManifest.xml:44:25-82
133            </intent-filter>
134            <intent-filter>
134-->[androidx.profileinstaller:profileinstaller:1.3.1] AndroidManifest.xml:46:13-48:29
135                <action android:name="androidx.profileinstaller.action.SAVE_PROFILE" />
135-->[androidx.profileinstaller:profileinstaller:1.3.1] AndroidManifest.xml:47:17-88
135-->[androidx.profileinstaller:profileinstaller:1.3.1] AndroidManifest.xml:47:25-85
136            </intent-filter>
137            <intent-filter>
137-->[androidx.profileinstaller:profileinstaller:1.3.1] AndroidManifest.xml:49:13-51:29
138                <action android:name="androidx.profileinstaller.action.BENCHMARK_OPERATION" />
138-->[androidx.profileinstaller:profileinstaller:1.3.1] AndroidManifest.xml:50:17-95
138-->[androidx.profileinstaller:profileinstaller:1.3.1] AndroidManifest.xml:50:25-92
139            </intent-filter>
140        </receiver>
141    </application>
142
143</manifest>